#-----------------------------------------------------------
# xsim v2023.2 (64-bit)
# SW Build 4029153 on Fri Oct 13 20:13:54 MDT 2023
# IP Build 4028589 on Sat Oct 14 00:45:43 MDT 2023
# SharedData Build 4025554 on Tue Oct 10 17:18:54 MDT 2023
# Start of session at: Sat Apr 27 02:23:39 2024
# Process ID: 1328317
# Current directory: /home/ruba/sv_practice/sim
# Command line: xsim -mode tcl -source {xsim.dir/top/xsim_script.tcl}
# Log file: /home/ruba/sv_practice/sim/xsim.log
# Journal file: /home/ruba/sv_practice/sim/xsim.jou
# Running On: Ruba, OS: Linux, CPU Frequency: 1190.402 MHz, CPU Physical cores: 4, Host memory: 10330 MB
#-----------------------------------------------------------
source xsim.dir/top/xsim_script.tcl
# xsim {top} -autoloadwcfg -runall
Time resolution is 1 ps
run -all
A = 0001: B = 0000, Cin = 0 --> S = 0001, Cout = 0, Addition = 1
A = 0010: B = 0100, Cin = 1 --> S = 0111, Cout = 0, Addition = 7
A = 1011: B = 0110, Cin = 0 --> S = 0001, Cout = 1, Addition = 17
A = 0101: B = 0011, Cin = 1 --> S = 1001, Cout = 0, Addition = 9
exit
INFO: [Common 17-206] Exiting xsim at Sat Apr 27 02:23:43 2024...
